[debug] [2021-07-22T19:49:58.413Z] ----------------------------------------------------------------------
[debug] [2021-07-22T19:49:58.416Z] Command:       /usr/local/bin/node /usr/local/bin/firebase init
[debug] [2021-07-22T19:49:58.417Z] CLI Version:   9.10.0
[debug] [2021-07-22T19:49:58.417Z] Platform:      linux
[debug] [2021-07-22T19:49:58.417Z] Node Version:  v14.5.0
[debug] [2021-07-22T19:49:58.548Z] Time:          Thu Jul 22 2021 20:49:58 GMT+0100 (West Africa Standard Time)
[debug] [2021-07-22T19:49:58.548Z] ----------------------------------------------------------------------
[debug] 
[debug] [2021-07-22T19:49:58.569Z] >>> [apiv2][query] GET https://firebase-public.firebaseio.com/cli.json [none]
[debug] [2021-07-22T19:49:58.652Z] > command requires scopes: ["email","openid","https://www.googleapis.com/auth/cloudplatformprojects.readonly","https://www.googleapis.com/auth/firebase","https://www.googleapis.com/auth/cloud-platform"]
[debug] [2021-07-22T19:49:58.653Z] > authorizing via signed-in user (oaikhenahjob@gmail.com)
[info] 
     ######## #### ########  ######## ########     ###     ######  ########
     ##        ##  ##     ## ##       ##     ##  ##   ##  ##       ##
     ######    ##  ########  ######   ########  #########  ######  ######
     ##        ##  ##    ##  ##       ##     ## ##     ##       ## ##
     ##       #### ##     ## ######## ########  ##     ##  ######  ########

You're about to initialize a Firebase project in this directory:

  /home/joblyn/Desktop/React-Apps/dnar-frontend-test

[debug] [2021-07-22T19:50:03.232Z] <<< [apiv2][status] GET https://firebase-public.firebaseio.com/cli.json 200
[debug] [2021-07-22T19:50:03.233Z] <<< [apiv2][body] GET https://firebase-public.firebaseio.com/cli.json {"cloudBuildErrorAfter":1594252800000,"cloudBuildWarnAfter":1590019200000,"defaultNode10After":1594252800000,"minVersion":"3.0.5","node8DeploysDisabledAfter":1613390400000,"node8RuntimeDisabledAfter":1615809600000,"node8WarnAfter":1600128000000}
